<?xml version="1.0" encoding="UTF-8"?>
<!-- Generated by org.testng.reporters.JUnitReportReporter -->
<testsuite hostname="VISHNU" failures="0" tests="1" name="testcases.NewTest" time="0.059" errors="0" timestamp="05 May 2020 12:14:08 GMT" skipped="0">
  <testcase classname="testcases.NewTest" name="f" time="0.059"/>
</testsuite> <!-- testcases.NewTest -->
