<?xml version="1.0" encoding="UTF-8"?>
<!-- Generated by org.testng.reporters.JUnitReportReporter -->
<testsuite hostname="VISHNU" failures="0" tests="1" name="testcases.NewTest2" time="0.037" errors="0" timestamp="05 May 2020 11:33:47 GMT" skipped="0">
  <testcase classname="testcases.NewTest2" name="f" time="0.037"/>
</testsuite> <!-- testcases.NewTest2 -->
