<?xml version="1.0" encoding="UTF-8"?>
<!-- Generated by org.testng.reporters.JUnitReportReporter -->
<testsuite skipped="0" hostname="VISHNU" name="testcases.LoginTest" tests="1" failures="0" timestamp="25 Apr 2020 14:04:56 GMT" time="0.023" errors="0">
  <testcase name="logintest2" time="0.023" classname="testcases.LoginTest"/>
</testsuite> <!-- testcases.LoginTest -->
